2023-04-05 06:37:01: Trial number 1
2023-04-05 06:37:01: Using jsymbolic on datasets/quartets extension .mid
2023-04-05 06:37:01: Benchmarching command:
2023-04-05 06:37:01:      java -Xmx25g -jar ./tools/jSymbolic_2_2_user/jSymbolic2.jar -csv /home/federico/symbolic_features/datasets/quartets features/quartets/jsymbolic-mid features/quartets/jsymbolic_def
2023-04-05 06:38:33: Using jsymbolic on datasets/didone extension .mid
2023-04-05 06:38:33: Benchmarching command:
2023-04-05 06:38:33:      java -Xmx25g -jar ./tools/jSymbolic_2_2_user/jSymbolic2.jar -csv /home/federico/symbolic_features/datasets/didone features/didone/jsymbolic-mid features/didone/jsymbolic_def
2023-04-05 08:54:08: Using jsymbolic on datasets/asap-dataset extension .mid
2023-04-05 08:54:08: Benchmarching command:
2023-04-05 08:54:08:      java -Xmx25g -jar ./tools/jSymbolic_2_2_user/jSymbolic2.jar -csv /home/federico/symbolic_features/datasets/asap-dataset features/asap-dataset/jsymbolic-mid features/asap-dataset/jsymbolic_def
2023-04-05 09:58:10: Using jsymbolic on datasets/mass-duos-corpus-josquin-larue extension .mid
2023-04-05 09:58:10: Benchmarching command:
2023-04-05 09:58:10:      java -Xmx25g -jar ./tools/jSymbolic_2_2_user/jSymbolic2.jar -csv /home/federico/symbolic_features/datasets/mass-duos-corpus-josquin-larue features/mass-duos-corpus-josquin-larue/jsymbolic-mid features/mass-duos-corpus-josquin-larue/jsymbolic_def
2023-04-05 10:08:09: Using jsymbolic on datasets/EWLD extension .mid
2023-04-05 10:08:09: Benchmarching command:
2023-04-05 10:08:09:      java -Xmx25g -jar ./tools/jSymbolic_2_2_user/jSymbolic2.jar -csv /home/federico/symbolic_features/datasets/EWLD features/EWLD/jsymbolic-mid features/EWLD/jsymbolic_def
2023-04-05 11:13:35: Num processed files: {'datasets/quartets': 363, 'datasets/didone': 1642, 'datasets/asap-dataset': 1535, 'datasets/mass-duos-corpus-josquin-larue': 338, 'datasets/EWLD': 4489, 'tot': 8367}
2023-04-05 11:13:35: Max RAM (MB): 1.61e+04
2023-04-05 11:13:35: Avg RAM (MB): 7.97e+03
2023-04-05 11:13:35: CPU Time (sec): 1.84e+04
2023-04-05 11:13:35: CPU Avg Time (sec): 2.20e+00
2023-04-05 11:13:35: Real Time (sec): 1.66e+04
2023-04-05 11:13:35: Real Avg Time (sec): 1.98e+00
2023-04-05 11:13:35: _____________
2023-04-05 11:13:35: Trial number 2
2023-04-05 11:13:35: Using jsymbolic on datasets/quartets extension .mid
2023-04-05 11:13:35: Benchmarching command:
2023-04-05 11:13:35:      java -Xmx25g -jar ./tools/jSymbolic_2_2_user/jSymbolic2.jar -csv /home/federico/symbolic_features/datasets/quartets features/quartets/jsymbolic-mid features/quartets/jsymbolic_def
2023-04-05 11:15:07: Using jsymbolic on datasets/didone extension .mid
2023-04-05 11:15:07: Benchmarching command:
2023-04-05 11:15:07:      java -Xmx25g -jar ./tools/jSymbolic_2_2_user/jSymbolic2.jar -csv /home/federico/symbolic_features/datasets/didone features/didone/jsymbolic-mid features/didone/jsymbolic_def
2023-04-05 13:29:19: Using jsymbolic on datasets/asap-dataset extension .mid
2023-04-05 13:29:19: Benchmarching command:
2023-04-05 13:29:19:      java -Xmx25g -jar ./tools/jSymbolic_2_2_user/jSymbolic2.jar -csv /home/federico/symbolic_features/datasets/asap-dataset features/asap-dataset/jsymbolic-mid features/asap-dataset/jsymbolic_def
2023-04-05 14:33:22: Using jsymbolic on datasets/mass-duos-corpus-josquin-larue extension .mid
2023-04-05 14:33:22: Benchmarching command:
2023-04-05 14:33:22:      java -Xmx25g -jar ./tools/jSymbolic_2_2_user/jSymbolic2.jar -csv /home/federico/symbolic_features/datasets/mass-duos-corpus-josquin-larue features/mass-duos-corpus-josquin-larue/jsymbolic-mid features/mass-duos-corpus-josquin-larue/jsymbolic_def
2023-04-05 14:43:20: Using jsymbolic on datasets/EWLD extension .mid
2023-04-05 14:43:20: Benchmarching command:
2023-04-05 14:43:20:      java -Xmx25g -jar ./tools/jSymbolic_2_2_user/jSymbolic2.jar -csv /home/federico/symbolic_features/datasets/EWLD features/EWLD/jsymbolic-mid features/EWLD/jsymbolic_def
2023-04-05 15:48:30: Num processed files: {'datasets/quartets': 363, 'datasets/didone': 1642, 'datasets/asap-dataset': 1535, 'datasets/mass-duos-corpus-josquin-larue': 338, 'datasets/EWLD': 4489, 'tot': 8367}
2023-04-05 15:48:30: Max RAM (MB): 1.17e+04
2023-04-05 15:48:30: Avg RAM (MB): 7.14e+03
2023-04-05 15:48:30: CPU Time (sec): 1.84e+04
2023-04-05 15:48:30: CPU Avg Time (sec): 2.20e+00
2023-04-05 15:48:30: Real Time (sec): 1.65e+04
2023-04-05 15:48:30: Real Avg Time (sec): 1.97e+00
2023-04-05 15:48:30: _____________
2023-04-05 15:48:30: _____________
2023-04-05 15:48:30: Number of errors  and time per dataset:
2023-04-05 15:48:30: {'datasets/quartets': {'n_errors': 0, 'ratio_errors': 0.0, 'cpu_time': 104.25, 'clock_time': 91.48967909812927}, 'datasets/didone': {'n_errors': 14, 'ratio_errors': 0.008526187576126675, 'cpu_time': 9343.52, 'clock_time': 8051.3387405872345}, 'datasets/asap-dataset': {'n_errors': 0, 'ratio_errors': 0.0, 'cpu_time': 4238.28, 'clock_time': 3841.5165042877197}, 'datasets/mass-duos-corpus-josquin-larue': {'n_errors': 0, 'ratio_errors': 0.0, 'cpu_time': 638.2199999999999, 'clock_time': 597.1369292736053}, 'datasets/EWLD': {'n_errors': 0, 'ratio_errors': 0.0, 'cpu_time': 4079.82, 'clock_time': 3900.7065567970276}}
2023-04-05 15:48:30: Statistics out of 2 trials
2023-04-05 15:48:30: Averages:
2023-04-05 15:48:30: Num processed files: {'datasets/quartets': 363, 'datasets/didone': 1642, 'datasets/asap-dataset': 1535, 'datasets/mass-duos-corpus-josquin-larue': 338, 'datasets/EWLD': 4489, 'tot': 8367}
2023-04-05 15:48:30: Max RAM (MB): 1.39e+04
2023-04-05 15:48:30: Avg RAM (MB): 7.56e+03
2023-04-05 15:48:30: CPU Time (sec): 1.84e+04
2023-04-05 15:48:30: CPU Avg Time (sec): 2.20e+00
2023-04-05 15:48:30: Real Time (sec): 1.65e+04
2023-04-05 15:48:30: Real Avg Time (sec): 1.98e+00
2023-04-05 15:48:30: _____________
2023-04-05 15:48:30: Std (1 ddof):
2023-04-05 15:48:30: Num processed files: {'datasets/quartets': 363, 'datasets/didone': 1642, 'datasets/asap-dataset': 1535, 'datasets/mass-duos-corpus-josquin-larue': 338, 'datasets/EWLD': 4489, 'tot': 8367}
2023-04-05 15:48:30: Max RAM (MB): 3.15e+03
2023-04-05 15:48:30: Avg RAM (MB): 5.86e+02
2023-04-05 15:48:30: CPU Time (sec): 1.51e+01
2023-04-05 15:48:30: CPU Avg Time (sec): 1.81e-03
2023-04-05 15:48:30: Real Time (sec): 6.94e+01
2023-04-05 15:48:30: Real Avg Time (sec): 8.29e-03
2023-04-05 15:48:30: _____________
