2023-04-04 08:41:40: Trial number 1
2023-04-04 08:41:40: Using music21 on datasets/quartets extension .mid
2023-04-04 08:41:40: Benchmarching command:
2023-04-04 08:41:40:      python -m symbolic_features.music21 datasets/quartets .mid features/quartets/music21-mid
2023-04-04 08:50:18: Using music21 on datasets/didone extension .mid
2023-04-04 08:50:18: Benchmarching command:
2023-04-04 08:50:18:      python -m symbolic_features.music21 datasets/didone .mid features/didone/music21-mid
2023-04-04 17:18:08: Using music21 on datasets/asap-dataset extension .mid
2023-04-04 17:18:08: Benchmarching command:
2023-04-04 17:18:08:      python -m symbolic_features.music21 datasets/asap-dataset .mid features/asap-dataset/music21-mid
2023-04-04 19:02:23: Using music21 on datasets/mass-duos-corpus-josquin-larue extension .mid
2023-04-04 19:02:23: Benchmarching command:
2023-04-04 19:02:23:      python -m symbolic_features.music21 datasets/mass-duos-corpus-josquin-larue .mid features/mass-duos-corpus-josquin-larue/music21-mid
2023-04-04 19:03:53: Using music21 on datasets/EWLD extension .mid
2023-04-04 19:03:53: Benchmarching command:
2023-04-04 19:03:53:      python -m symbolic_features.music21 datasets/EWLD .mid features/EWLD/music21-mid
2023-04-04 19:39:59: Num processed files: {'datasets/quartets': 363, 'datasets/didone': 1642, 'datasets/asap-dataset': 1535, 'datasets/mass-duos-corpus-josquin-larue': 338, 'datasets/EWLD': 4489, 'tot': 8367}
2023-04-04 19:39:59: Max RAM (MB): 9.87e+03
2023-04-04 19:39:59: Avg RAM (MB): 7.12e+03
2023-04-04 19:39:59: CPU Time (sec): 4.63e+05
2023-04-04 19:39:59: CPU Avg Time (sec): 5.53e+01
2023-04-04 19:39:59: Real Time (sec): 3.95e+04
2023-04-04 19:39:59: Real Avg Time (sec): 4.72e+00
2023-04-04 19:39:59: _____________
2023-04-04 19:39:59: Trial number 2
2023-04-04 19:39:59: Using music21 on datasets/quartets extension .mid
2023-04-04 19:39:59: Benchmarching command:
2023-04-04 19:39:59:      python -m symbolic_features.music21 datasets/quartets .mid features/quartets/music21-mid
2023-04-04 19:48:38: Using music21 on datasets/didone extension .mid
2023-04-04 19:48:38: Benchmarching command:
2023-04-04 19:48:38:      python -m symbolic_features.music21 datasets/didone .mid features/didone/music21-mid
2023-04-05 04:15:30: Using music21 on datasets/asap-dataset extension .mid
2023-04-05 04:15:30: Benchmarching command:
2023-04-05 04:15:30:      python -m symbolic_features.music21 datasets/asap-dataset .mid features/asap-dataset/music21-mid
2023-04-05 05:59:21: Using music21 on datasets/mass-duos-corpus-josquin-larue extension .mid
2023-04-05 05:59:21: Benchmarching command:
2023-04-05 05:59:21:      python -m symbolic_features.music21 datasets/mass-duos-corpus-josquin-larue .mid features/mass-duos-corpus-josquin-larue/music21-mid
2023-04-05 06:00:51: Using music21 on datasets/EWLD extension .mid
2023-04-05 06:00:51: Benchmarching command:
2023-04-05 06:00:51:      python -m symbolic_features.music21 datasets/EWLD .mid features/EWLD/music21-mid
2023-04-05 06:36:59: Num processed files: {'datasets/quartets': 363, 'datasets/didone': 1642, 'datasets/asap-dataset': 1535, 'datasets/mass-duos-corpus-josquin-larue': 338, 'datasets/EWLD': 4489, 'tot': 8367}
2023-04-05 06:36:59: Max RAM (MB): 9.94e+03
2023-04-05 06:36:59: Avg RAM (MB): 7.12e+03
2023-04-05 06:36:59: CPU Time (sec): 4.62e+05
2023-04-05 06:36:59: CPU Avg Time (sec): 5.52e+01
2023-04-05 06:36:59: Real Time (sec): 3.94e+04
2023-04-05 06:36:59: Real Avg Time (sec): 4.71e+00
2023-04-05 06:36:59: _____________
2023-04-05 06:36:59: _____________
2023-04-05 06:36:59: Number of errors  and time per dataset:
2023-04-05 06:36:59: {'datasets/quartets': {'n_errors': 0, 'ratio_errors': 0.0, 'cpu_time': 5882.17, 'clock_time': 517.7508358955383}, 'datasets/didone': {'n_errors': 0, 'ratio_errors': 0.0, 'cpu_time': 355407.07, 'clock_time': 30408.18692088127}, 'datasets/asap-dataset': {'n_errors': 0, 'ratio_errors': 0.0, 'cpu_time': 74112.44000000002, 'clock_time': 6226.5642828941345}, 'datasets/mass-duos-corpus-josquin-larue': {'n_errors': 0, 'ratio_errors': 0.0, 'cpu_time': 1048.85, 'clock_time': 90.03713917732239}, 'datasets/EWLD': {'n_errors': 0, 'ratio_errors': 0.0, 'cpu_time': 25570.78, 'clock_time': 2148.1160271167755}}
2023-04-05 06:36:59: Statistics out of 2 trials
2023-04-05 06:36:59: Averages:
2023-04-05 06:36:59: Num processed files: {'datasets/quartets': 363, 'datasets/didone': 1642, 'datasets/asap-dataset': 1535, 'datasets/mass-duos-corpus-josquin-larue': 338, 'datasets/EWLD': 4489, 'tot': 8367}
2023-04-05 06:36:59: Max RAM (MB): 9.90e+03
2023-04-05 06:36:59: Avg RAM (MB): 7.12e+03
2023-04-05 06:36:59: CPU Time (sec): 4.62e+05
2023-04-05 06:36:59: CPU Avg Time (sec): 5.53e+01
2023-04-05 06:36:59: Real Time (sec): 3.94e+04
2023-04-05 06:36:59: Real Avg Time (sec): 4.71e+00
2023-04-05 06:36:59: _____________
2023-04-05 06:36:59: Std (1 ddof):
2023-04-05 06:36:59: Num processed files: {'datasets/quartets': 363, 'datasets/didone': 1642, 'datasets/asap-dataset': 1535, 'datasets/mass-duos-corpus-josquin-larue': 338, 'datasets/EWLD': 4489, 'tot': 8367}
2023-04-05 06:36:59: Max RAM (MB): 4.40e+01
2023-04-05 06:36:59: Avg RAM (MB): 2.83e-01
2023-04-05 06:36:59: CPU Time (sec): 6.21e+02
2023-04-05 06:36:59: CPU Avg Time (sec): 7.42e-02
2023-04-05 06:36:59: Real Time (sec): 5.56e+01
2023-04-05 06:36:59: Real Avg Time (sec): 6.65e-03
2023-04-05 06:36:59: _____________
