2023-04-03 16:57:51: Trial number 1
2023-04-03 16:57:51: Using musif on datasets/quartets extension .mid
2023-04-03 16:57:51: Benchmarching command:
2023-04-03 16:57:51:      python -m musif -e .mid -s datasets/quartets -o features/quartets/musif-mid
2023-04-03 17:17:01: Using musif on datasets/didone extension .mid
2023-04-03 17:17:01: Benchmarching command:
2023-04-03 17:17:01:      python -m musif -e .mid -s datasets/didone -o features/didone/musif-mid
2023-04-04 03:51:13: Using musif on datasets/asap-dataset extension .mid
2023-04-04 03:51:13: Benchmarching command:
2023-04-04 03:51:13:      python -m musif -e .mid -s datasets/asap-dataset -o features/asap-dataset/musif-mid
2023-04-04 05:31:05: Using musif on datasets/mass-duos-corpus-josquin-larue extension .mid
2023-04-04 05:31:05: Benchmarching command:
2023-04-04 05:31:05:      python -m musif -e .mid -s datasets/mass-duos-corpus-josquin-larue -o features/mass-duos-corpus-josquin-larue/musif-mid
2023-04-04 05:33:58: Using musif on datasets/EWLD extension .mid
2023-04-04 05:33:58: Benchmarching command:
2023-04-04 05:33:58:      python -m musif -e .mid -s datasets/EWLD -o features/EWLD/musif-mid
2023-04-04 06:02:15: Num processed files: {'datasets/quartets': 363, 'datasets/didone': 1642, 'datasets/asap-dataset': 1535, 'datasets/mass-duos-corpus-josquin-larue': 338, 'datasets/EWLD': 4489, 'tot': 8367}
2023-04-04 06:02:15: Max RAM (MB): 1.42e+04
2023-04-04 06:02:15: Avg RAM (MB): 9.10e+03
2023-04-04 06:02:15: CPU Time (sec): 5.55e+05
2023-04-04 06:02:15: CPU Avg Time (sec): 6.63e+01
2023-04-04 06:02:15: Real Time (sec): 4.70e+04
2023-04-04 06:02:15: Real Avg Time (sec): 5.62e+00
2023-04-04 06:02:15: _____________
2023-04-04 06:02:15: Trial number 2
2023-04-04 06:02:15: Using musif on datasets/quartets extension .mid
2023-04-04 06:02:15: Benchmarching command:
2023-04-04 06:02:15:      python -m musif -e .mid -s datasets/quartets -o features/quartets/musif-mid
2023-04-04 06:10:20: Using musif on datasets/didone extension .mid
2023-04-04 06:10:20: Benchmarching command:
2023-04-04 06:10:20:      python -m musif -e .mid -s datasets/didone -o features/didone/musif-mid
2023-04-04 08:10:35: Using musif on datasets/asap-dataset extension .mid
2023-04-04 08:10:35: Benchmarching command:
2023-04-04 08:10:35:      python -m musif -e .mid -s datasets/asap-dataset -o features/asap-dataset/musif-mid
2023-04-04 08:25:32: Using musif on datasets/mass-duos-corpus-josquin-larue extension .mid
2023-04-04 08:25:32: Benchmarching command:
2023-04-04 08:25:32:      python -m musif -e .mid -s datasets/mass-duos-corpus-josquin-larue -o features/mass-duos-corpus-josquin-larue/musif-mid
2023-04-04 08:27:50: Using musif on datasets/EWLD extension .mid
2023-04-04 08:27:50: Benchmarching command:
2023-04-04 08:27:50:      python -m musif -e .mid -s datasets/EWLD -o features/EWLD/musif-mid
2023-04-04 08:41:39: Num processed files: {'datasets/quartets': 363, 'datasets/didone': 1642, 'datasets/asap-dataset': 1535, 'datasets/mass-duos-corpus-josquin-larue': 338, 'datasets/EWLD': 4489, 'tot': 8367}
2023-04-04 08:41:39: Max RAM (MB): 1.96e+04
2023-04-04 08:41:39: Avg RAM (MB): 1.01e+04
2023-04-04 08:41:39: CPU Time (sec): 1.12e+05
2023-04-04 08:41:39: CPU Avg Time (sec): 1.33e+01
2023-04-04 08:41:39: Real Time (sec): 9.53e+03
2023-04-04 08:41:39: Real Avg Time (sec): 1.14e+00
2023-04-04 08:41:39: _____________
2023-04-04 08:41:39: _____________
2023-04-04 08:41:39: Number of errors  and time per dataset:
2023-04-04 08:41:39: {'datasets/quartets': {'n_errors': 0, 'ratio_errors': 0.0, 'cpu_time': 5566.91, 'clock_time': 481.7719476222992}, 'datasets/didone': {'n_errors': 0, 'ratio_errors': 0.0, 'cpu_time': 84984.58, 'clock_time': 7210.40049290657}, 'datasets/asap-dataset': {'n_errors': 1, 'ratio_errors': 0.0006514657980456026, 'cpu_time': 10376.12, 'clock_time': 891.327329158783}, 'datasets/mass-duos-corpus-josquin-larue': {'n_errors': 0, 'ratio_errors': 0.0, 'cpu_time': 1559.33, 'clock_time': 137.5925600528717}, 'datasets/EWLD': {'n_errors': 0, 'ratio_errors': 0.0, 'cpu_time': 9068.95, 'clock_time': 806.9506847858429}}
2023-04-04 08:41:39: Statistics out of 2 trials
2023-04-04 08:41:39: Averages:
2023-04-04 08:41:39: Num processed files: {'datasets/quartets': 363, 'datasets/didone': 1642, 'datasets/asap-dataset': 1535, 'datasets/mass-duos-corpus-josquin-larue': 338, 'datasets/EWLD': 4489, 'tot': 8367}
2023-04-04 08:41:39: Max RAM (MB): 1.69e+04
2023-04-04 08:41:39: Avg RAM (MB): 9.61e+03
2023-04-04 08:41:39: CPU Time (sec): 3.33e+05
2023-04-04 08:41:39: CPU Avg Time (sec): 3.98e+01
2023-04-04 08:41:39: Real Time (sec): 2.83e+04
2023-04-04 08:41:39: Real Avg Time (sec): 3.38e+00
2023-04-04 08:41:39: _____________
2023-04-04 08:41:39: Std (1 ddof):
2023-04-04 08:41:39: Num processed files: {'datasets/quartets': 363, 'datasets/didone': 1642, 'datasets/asap-dataset': 1535, 'datasets/mass-duos-corpus-josquin-larue': 338, 'datasets/EWLD': 4489, 'tot': 8367}
2023-04-04 08:41:39: Max RAM (MB): 3.83e+03
2023-04-04 08:41:39: Avg RAM (MB): 7.15e+02
2023-04-04 08:41:39: CPU Time (sec): 3.13e+05
2023-04-04 08:41:39: CPU Avg Time (sec): 3.74e+01
2023-04-04 08:41:39: Real Time (sec): 2.65e+04
2023-04-04 08:41:39: Real Avg Time (sec): 3.17e+00
2023-04-04 08:41:39: _____________
